#
# A fatal error has been detected by the Java Runtime Environment:
#
#  EXCEPTION_ACCESS_VIOLATION (0xc0000005) at pc=0x0000000054048ad5, pid=4856, tid=10380
#
# JRE version: Java(TM) SE Runtime Environment (8.0_73-b02) (build 1.8.0_73-b02)
# Java VM: Java HotSpot(TM) 64-Bit Server VM (25.73-b02 mixed mode windows-amd64 compressed oops)
# Problematic frame:
# V  [jvm.dll+0x128ad5]
#
# Failed to write core dump. Minidumps are not enabled by default on client versions of Windows
#
# If you would like to submit a bug report, please visit:
#   http://bugreport.java.com/bugreport/crash.jsp
#

---------------  T H R E A D  ---------------

Current thread (0x0000000017a2a800):  JavaThread "JDWP Transport Listener: dt_socket" daemon [_thread_in_vm, id=10380, stack(0x0000000019390000,0x0000000019490000)]

siginfo: ExceptionCode=0xc0000005, reading address 0xffffffffffffffff

Registers:
RAX=0x000000001948f401, RBX=0x0000000017a2a800, RCX=0x74656d6172615065, RDX=0x0000000000000000
RSP=0x000000001948f400, RBP=0x74656d6172615065, RSI=0x000000001948f518, RDI=0x000000000128c3d0
R8 =0x0000000017a2a800, R9 =0x0000000000000000, R10=0x0000000000000000, R11=0x0000000000000064
R12=0x0000000000000000, R13=0x0000000017a35a28, R14=0x0000000000000000, R15=0x0000000000000000
RIP=0x0000000054048ad5, EFLAGS=0x0000000000010206

Top of Stack: (sp=0x000000001948f400)
0x000000001948f400:   0000000017a2a800 0000000017a2a800
0x000000001948f410:   000000001948f4c8 000000005424e34b
0x000000001948f420:   0000000017a2a800 000000005426abad
0x000000001948f430:   0000000000000000 0000000053d49155
0x000000001948f440:   0000000020c16c48 0000000053d5291e
0x000000001948f450:   0000000017a2a800 0000000000000000
0x000000001948f460:   0000000000000000 0000000000000000
0x000000001948f470:   74656d6172615065 0000000053d51a15
0x000000001948f480:   000000001948f518 000000001948f4f0
0x000000001948f490:   0000000000000001 0000000020c16c48
0x000000001948f4a0:   74656d6172615065 0000000053d353b3
0x000000001948f4b0:   000000001948f5e0 0000000000000001
0x000000001948f4c0:   0000000000000001 0000000020c16c48
0x000000001948f4d0:   0000000000000001 0000000000000000
0x000000001948f4e0:   0000000000000000 0000000000000000
0x000000001948f4f0:   0000000000000001 0000000053d35571 

Instructions: (pc=0x0000000054048ad5)
0x0000000054048ab5:   cc cc cc cc cc cc cc cc cc cc cc 48 83 ec 28 48
0x0000000054048ac5:   85 c9 75 07 33 c0 48 83 c4 28 c3 48 89 5c 24 20
0x0000000054048ad5:   48 8b 19 48 85 db 74 20 48 83 fb 37 74 1a 48 8b
0x0000000054048ae5:   13 48 8b cb ff 52 10 84 c0 74 0d 48 8b c3 48 8b 


Register to memory mapping:

RAX=0x000000001948f401 is pointing into the stack for thread: 0x0000000017a2a800
RBX=0x0000000017a2a800 is a thread
RCX=0x74656d6172615065 is an unknown value
RDX=0x0000000000000000 is an unknown value
RSP=0x000000001948f400 is pointing into the stack for thread: 0x0000000017a2a800
RBP=0x74656d6172615065 is an unknown value
RSI=0x000000001948f518 is pointing into the stack for thread: 0x0000000017a2a800
RDI=0x000000000128c3d0 is an unknown value
R8 =0x0000000017a2a800 is a thread
R9 =0x0000000000000000 is an unknown value
R10=0x0000000000000000 is an unknown value
R11=0x0000000000000064 is an unknown value
R12=0x0000000000000000 is an unknown value
R13=0x0000000017a35a28 is an unknown value
R14=0x0000000000000000 is an unknown value
R15=0x0000000000000000 is an unknown value


Stack: [0x0000000019390000,0x0000000019490000],  sp=0x000000001948f400,  free space=1021k
Native frames: (J=compiled Java code, j=interpreted, Vv=VM code, C=native code)
V  [jvm.dll+0x128ad5]
V  [jvm.dll+0x34abad]
C  [jdwp.dll+0x21a15]
C  [jdwp.dll+0x53b3]
C  [jdwp.dll+0x5571]
C  [jdwp.dll+0xf0a8]
C  [jdwp.dll+0x1f2d5]
C  [jdwp.dll+0x1f4aa]
V  [jvm.dll+0x1bbb58]
V  [jvm.dll+0x243234]
V  [jvm.dll+0x29a10a]
C  [msvcr100.dll+0x21d9f]
C  [msvcr100.dll+0x21e3b]
C  [KERNEL32.DLL+0x12d92]
C  [ntdll.dll+0x9f64]


---------------  P R O C E S S  ---------------

Java Threads: ( => current thread )
  0x0000000024a39800 JavaThread "restartedMain" [_thread_blocked, id=3356, stack(0x000000001f850000,0x000000001f950000)]
  0x000000001afc9000 JavaThread "Thread-73" [_thread_blocked, id=7660, stack(0x000000001d270000,0x000000001d370000)]
  0x0000000024a38000 JavaThread "File Watcher" daemon [_thread_blocked, id=8072, stack(0x000000001e640000,0x000000001e740000)]
  0x0000000024a42800 JavaThread "DestroyJavaVM" [_thread_blocked, id=9928, stack(0x0000000002b50000,0x0000000002c50000)]
  0x000000001afc8800 JavaThread "Live Reload Server" daemon [_thread_in_native, id=1664, stack(0x00000000218f0000,0x00000000219f0000)]
  0x000000001afc4800 JavaThread "mysql-cj-abandoned-connection-cleanup" daemon [_thread_blocked, id=2664, stack(0x000000001e740000,0x000000001e840000)]
  0x00000000199ec000 JavaThread "Service Thread" daemon [_thread_blocked, id=8236, stack(0x0000000019d90000,0x0000000019e90000)]
  0x00000000199df000 JavaThread "C1 CompilerThread2" daemon [_thread_blocked, id=7356, stack(0x0000000019c90000,0x0000000019d90000)]
  0x00000000199f1800 JavaThread "C2 CompilerThread1" daemon [_thread_blocked, id=9256, stack(0x0000000019b90000,0x0000000019c90000)]
  0x0000000019939800 JavaThread "C2 CompilerThread0" daemon [_thread_blocked, id=9744, stack(0x0000000019a90000,0x0000000019b90000)]
  0x0000000017a3d000 JavaThread "JDWP Command Reader" daemon [_thread_in_native, id=7468, stack(0x0000000019590000,0x0000000019690000)]
  0x0000000017a3b800 JavaThread "JDWP Event Helper Thread" daemon [_thread_blocked, id=6556, stack(0x0000000019490000,0x0000000019590000)]
=>0x0000000017a2a800 JavaThread "JDWP Transport Listener: dt_socket" daemon [_thread_in_vm, id=10380, stack(0x0000000019390000,0x0000000019490000)]
  0x0000000017a1f800 JavaThread "Attach Listener" daemon [_thread_blocked, id=8684, stack(0x0000000018f50000,0x0000000019050000)]
  0x0000000017a1e800 JavaThread "Signal Dispatcher" daemon [_thread_blocked, id=7396, stack(0x0000000018e50000,0x0000000018f50000)]
  0x0000000002ef9800 JavaThread "Finalizer" daemon [_thread_blocked, id=4316, stack(0x0000000018c70000,0x0000000018d70000)]
  0x0000000002ef1800 JavaThread "Reference Handler" daemon [_thread_blocked, id=9852, stack(0x0000000018b70000,0x0000000018c70000)]

Other Threads:
  0x00000000179e7800 VMThread [stack: 0x0000000018a70000,0x0000000018b70000] [id=3732]
  0x0000000019a8b000 WatcherThread [stack: 0x000000001a690000,0x000000001a790000] [id=5624]

VM state:synchronizing (normal execution)

VM Mutex/Monitor currently owned by a thread:  ([mutex/lock_event])
[0x0000000002e01b50] Threads_lock - owner thread: 0x00000000179e7800

Heap:
 PSYoungGen      total 352768K, used 2411K [0x00000000d5f80000, 0x00000000ecc80000, 0x0000000100000000)
  eden space 347136K, 0% used [0x00000000d5f80000,0x00000000d61dac68,0x00000000eb280000)
  from space 5632K, 0% used [0x00000000eb280000,0x00000000eb280000,0x00000000eb800000)
  to   space 13312K, 0% used [0x00000000ebf80000,0x00000000ebf80000,0x00000000ecc80000)
 ParOldGen       total 127488K, used 31477K [0x0000000081e00000, 0x0000000089a80000, 0x00000000d5f80000)
  object space 127488K, 24% used [0x0000000081e00000,0x0000000083cbd680,0x0000000089a80000)
 Metaspace       used 69519K, capacity 73650K, committed 73876K, reserved 1114112K
  class space    used 8935K, capacity 9789K, committed 9916K, reserved 1048576K

Card table byte_map: [0x00000000122c0000,0x00000000126c0000] byte_map_base: 0x0000000011eb1000

Marking Bits: (ParMarkBitMap*) 0x0000000054730600
 Begin Bits: [0x0000000012d70000, 0x0000000014cf8000)
 End Bits:   [0x0000000014cf8000, 0x0000000016c80000)

Polling page: 0x0000000002c50000

CodeCache: size=245760Kb used=34084Kb max_used=34731Kb free=211675Kb
 bounds [0x0000000002f00000, 0x0000000005130000, 0x0000000011f00000]
 total_blobs=9893 nmethods=9313 adapters=499
 compilation: enabled

Compilation events (10 events):
Event: 3180.703 Thread 0x00000000199df000 12075  s!   3       org.apache.catalina.util.LifecycleBase::stop (347 bytes)
Event: 3180.706 Thread 0x00000000199df000 nmethod 12075 0x00000000048e9610 code [0x00000000048e9a60, 0x00000000048ec8a8]
Event: 3180.728 Thread 0x00000000199f1800 12076   !   4       sun.nio.ch.SelectorImpl::lockAndDoSelect (72 bytes)
Event: 3180.731 Thread 0x00000000199df000 12077       3       org.apache.catalina.util.LifecycleMBeanBase::preDeregister (1 bytes)
Event: 3180.731 Thread 0x00000000199df000 nmethod 12077 0x0000000004010d90 code [0x0000000004010ee0, 0x0000000004011030]
Event: 3180.732 Thread 0x00000000199df000 12078       3       org.apache.catalina.util.LifecycleMBeanBase::postDeregister (1 bytes)
Event: 3180.732 Thread 0x00000000199df000 nmethod 12078 0x00000000048e92d0 code [0x00000000048e9420, 0x00000000048e9570]
Event: 3181.084 Thread 0x00000000199f1800 nmethod 12076 0x00000000038cf690 code [0x00000000038cf800, 0x00000000038d02b8]
Event: 3181.085 Thread 0x00000000199df000 12079       3       java.util.zip.Inflater::finalize (5 bytes)
Event: 3181.085 Thread 0x00000000199df000 nmethod 12079 0x00000000048e8ed0 code [0x00000000048e9040, 0x00000000048e91e8]

GC Heap History (10 events):
Event: 2458.493 GC heap before
{Heap before GC invocations=34 (full 13):
 PSYoungGen      total 351744K, used 4485K [0x00000000d5f80000, 0x00000000ecd80000, 0x0000000100000000)
  eden space 347136K, 0% used [0x00000000d5f80000,0x00000000d5f80000,0x00000000eb280000)
  from space 4608K, 97% used [0x00000000eb280000,0x00000000eb6e1748,0x00000000eb700000)
  to   space 13824K, 0% used [0x00000000ec000000,0x00000000ec000000,0x00000000ecd80000)
 ParOldGen       total 127488K, used 28371K [0x0000000081e00000, 0x0000000089a80000, 0x00000000d5f80000)
  object space 127488K, 22% used [0x0000000081e00000,0x00000000839b4e90,0x0000000089a80000)
 Metaspace       used 66151K, capacity 70148K, committed 70292K, reserved 1110016K
  class space    used 8604K, capacity 9392K, committed 9404K, reserved 1048576K
Event: 2458.670 GC heap after
Heap after GC invocations=34 (full 13):
 PSYoungGen      total 351744K, used 0K [0x00000000d5f80000, 0x00000000ecd80000, 0x0000000100000000)
  eden space 347136K, 0% used [0x00000000d5f80000,0x00000000d5f80000,0x00000000eb280000)
  from space 4608K, 0% used [0x00000000eb280000,0x00000000eb280000,0x00000000eb700000)
  to   space 13824K, 0% used [0x00000000ec000000,0x00000000ec000000,0x00000000ecd80000)
 ParOldGen       total 127488K, used 27892K [0x0000000081e00000, 0x0000000089a80000, 0x00000000d5f80000)
  object space 127488K, 21% used [0x0000000081e00000,0x000000008393d3b8,0x0000000089a80000)
 Metaspace       used 66148K, capacity 70142K, committed 70292K, reserved 1110016K
  class space    used 8603K, capacity 9390K, committed 9404K, reserved 1048576K
}
Event: 2927.571 GC heap before
{Heap before GC invocations=35 (full 13):
 PSYoungGen      total 351744K, used 324596K [0x00000000d5f80000, 0x00000000ecd80000, 0x0000000100000000)
  eden space 347136K, 93% used [0x00000000d5f80000,0x00000000e9c7d288,0x00000000eb280000)
  from space 4608K, 0% used [0x00000000eb280000,0x00000000eb280000,0x00000000eb700000)
  to   space 13824K, 0% used [0x00000000ec000000,0x00000000ec000000,0x00000000ecd80000)
 ParOldGen       total 127488K, used 27892K [0x0000000081e00000, 0x0000000089a80000, 0x00000000d5f80000)
  object space 127488K, 21% used [0x0000000081e00000,0x000000008393d3b8,0x0000000089a80000)
 Metaspace       used 69105K, capacity 73160K, committed 73236K, reserved 1112064K
  class space    used 8901K, capacity 9742K, committed 9788K, reserved 1048576K
Event: 2927.588 GC heap after
Heap after GC invocations=35 (full 13):
 PSYoungGen      total 360960K, used 8320K [0x00000000d5f80000, 0x00000000ecd80000, 0x0000000100000000)
  eden space 347136K, 0% used [0x00000000d5f80000,0x00000000d5f80000,0x00000000eb280000)
  from space 13824K, 60% used [0x00000000ec000000,0x00000000ec820288,0x00000000ecd80000)
  to   space 13824K, 0% used [0x00000000eb280000,0x00000000eb280000,0x00000000ec000000)
 ParOldGen       total 127488K, used 27900K [0x0000000081e00000, 0x0000000089a80000, 0x00000000d5f80000)
  object space 127488K, 21% used [0x0000000081e00000,0x000000008393f3b8,0x0000000089a80000)
 Metaspace       used 69105K, capacity 73160K, committed 73236K, reserved 1112064K
  class space    used 8901K, capacity 9742K, committed 9788K, reserved 1048576K
}
Event: 2927.588 GC heap before
{Heap before GC invocations=36 (full 14):
 PSYoungGen      total 360960K, used 8320K [0x00000000d5f80000, 0x00000000ecd80000, 0x0000000100000000)
  eden space 347136K, 0% used [0x00000000d5f80000,0x00000000d5f80000,0x00000000eb280000)
  from space 13824K, 60% used [0x00000000ec000000,0x00000000ec820288,0x00000000ecd80000)
  to   space 13824K, 0% used [0x00000000eb280000,0x00000000eb280000,0x00000000ec000000)
 ParOldGen       total 127488K, used 27900K [0x0000000081e00000, 0x0000000089a80000, 0x00000000d5f80000)
  object space 127488K, 21% used [0x0000000081e00000,0x000000008393f3b8,0x0000000089a80000)
 Metaspace       used 69105K, capacity 73160K, committed 73236K, reserved 1112064K
  class space    used 8901K, capacity 9742K, committed 9788K, reserved 1048576K
Event: 2927.914 GC heap after
Heap after GC invocations=36 (full 14):
 PSYoungGen      total 360960K, used 0K [0x00000000d5f80000, 0x00000000ecd80000, 0x0000000100000000)
  eden space 347136K, 0% used [0x00000000d5f80000,0x00000000d5f80000,0x00000000eb280000)
  from space 13824K, 0% used [0x00000000ec000000,0x00000000ec000000,0x00000000ecd80000)
  to   space 13824K, 0% used [0x00000000eb280000,0x00000000eb280000,0x00000000ec000000)
 ParOldGen       total 127488K, used 30813K [0x0000000081e00000, 0x0000000089a80000, 0x00000000d5f80000)
  object space 127488K, 24% used [0x0000000081e00000,0x0000000083c175b8,0x0000000089a80000)
 Metaspace       used 69102K, capacity 73154K, committed 73236K, reserved 1112064K
  class space    used 8900K, capacity 9740K, committed 9788K, reserved 1048576K
}
Event: 3180.733 GC heap before
{Heap before GC invocations=37 (full 14):
 PSYoungGen      total 360960K, used 179951K [0x00000000d5f80000, 0x00000000ecd80000, 0x0000000100000000)
  eden space 347136K, 51% used [0x00000000d5f80000,0x00000000e0f3bc20,0x00000000eb280000)
  from space 13824K, 0% used [0x00000000ec000000,0x00000000ec000000,0x00000000ecd80000)
  to   space 13824K, 0% used [0x00000000eb280000,0x00000000eb280000,0x00000000ec000000)
 ParOldGen       total 127488K, used 30813K [0x0000000081e00000, 0x0000000089a80000, 0x00000000d5f80000)
  object space 127488K, 24% used [0x0000000081e00000,0x0000000083c175b8,0x0000000089a80000)
 Metaspace       used 69519K, capacity 73650K, committed 73876K, reserved 1114112K
  class space    used 8935K, capacity 9789K, committed 9916K, reserved 1048576K
Event: 3180.745 GC heap after
Heap after GC invocations=37 (full 14):
 PSYoungGen      total 352768K, used 5142K [0x00000000d5f80000, 0x00000000ecc80000, 0x0000000100000000)
  eden space 347136K, 0% used [0x00000000d5f80000,0x00000000d5f80000,0x00000000eb280000)
  from space 5632K, 91% used [0x00000000eb280000,0x00000000eb785978,0x00000000eb800000)
  to   space 13312K, 0% used [0x00000000ebf80000,0x00000000ebf80000,0x00000000ecc80000)
 ParOldGen       total 127488K, used 30813K [0x0000000081e00000, 0x0000000089a80000, 0x00000000d5f80000)
  object space 127488K, 24% used [0x0000000081e00000,0x0000000083c175b8,0x0000000089a80000)
 Metaspace       used 69519K, capacity 73650K, committed 73876K, reserved 1114112K
  class space    used 8935K, capacity 9789K, committed 9916K, reserved 1048576K
}
Event: 3180.745 GC heap before
{Heap before GC invocations=38 (full 15):
 PSYoungGen      total 352768K, used 5142K [0x00000000d5f80000, 0x00000000ecc80000, 0x0000000100000000)
  eden space 347136K, 0% used [0x00000000d5f80000,0x00000000d5f80000,0x00000000eb280000)
  from space 5632K, 91% used [0x00000000eb280000,0x00000000eb785978,0x00000000eb800000)
  to   space 13312K, 0% used [0x00000000ebf80000,0x00000000ebf80000,0x00000000ecc80000)
 ParOldGen       total 127488K, used 30813K [0x0000000081e00000, 0x0000000089a80000, 0x00000000d5f80000)
  object space 127488K, 24% used [0x0000000081e00000,0x0000000083c175b8,0x0000000089a80000)
 Metaspace       used 69519K, capacity 73650K, committed 73876K, reserved 1114112K
  class space    used 8935K, capacity 9789K, committed 9916K, reserved 1048576K
Event: 3181.081 GC heap after
Heap after GC invocations=38 (full 15):
 PSYoungGen      total 352768K, used 0K [0x00000000d5f80000, 0x00000000ecc80000, 0x0000000100000000)
  eden space 347136K, 0% used [0x00000000d5f80000,0x00000000d5f80000,0x00000000eb280000)
  from space 5632K, 0% used [0x00000000eb280000,0x00000000eb280000,0x00000000eb800000)
  to   space 13312K, 0% used [0x00000000ebf80000,0x00000000ebf80000,0x00000000ecc80000)
 ParOldGen       total 127488K, used 31477K [0x0000000081e00000, 0x0000000089a80000, 0x00000000d5f80000)
  object space 127488K, 24% used [0x0000000081e00000,0x0000000083cbd680,0x0000000089a80000)
 Metaspace       used 69519K, capacity 73650K, committed 73876K, reserved 1114112K
  class space    used 8935K, capacity 9789K, committed 9916K, reserved 1048576K
}

Deoptimization events (10 events):
Event: 3179.817 Thread 0x0000000024a3f800 Uncommon trap: reason=unhandled action=none pc=0x0000000003dddf94 method=java.net.URLClassLoader.findClass(Ljava/lang/String;)Ljava/lang/Class; @ 44
Event: 3179.817 Thread 0x0000000024a3f800 Uncommon trap: reason=unhandled action=none pc=0x0000000003dddf94 method=java.net.URLClassLoader.findClass(Ljava/lang/String;)Ljava/lang/Class; @ 44
Event: 3179.817 Thread 0x0000000024a3f800 Uncommon trap: reason=unhandled action=none pc=0x0000000003dddf94 method=java.net.URLClassLoader.findClass(Ljava/lang/String;)Ljava/lang/Class; @ 44
Event: 3180.721 Thread 0x000000001afc9000 Uncommon trap: reason=unhandled action=none pc=0x00000000046dca10 method=java.net.URLClassLoader.findClass(Ljava/lang/String;)Ljava/lang/Class; @ 44
Event: 3180.721 Thread 0x000000001afc9000 Uncommon trap: reason=unhandled action=none pc=0x00000000046dca10 method=java.net.URLClassLoader.findClass(Ljava/lang/String;)Ljava/lang/Class; @ 44
Event: 3180.721 Thread 0x000000001afc9000 Uncommon trap: reason=unhandled action=none pc=0x00000000046dca10 method=java.net.URLClassLoader.findClass(Ljava/lang/String;)Ljava/lang/Class; @ 44
Event: 3180.721 Thread 0x000000001afc9000 Uncommon trap: reason=unhandled action=none pc=0x00000000046dca10 method=java.net.URLClassLoader.findClass(Ljava/lang/String;)Ljava/lang/Class; @ 44
Event: 3180.722 Thread 0x000000001afc9000 Uncommon trap: reason=unhandled action=none pc=0x00000000046dca10 method=java.net.URLClassLoader.findClass(Ljava/lang/String;)Ljava/lang/Class; @ 44
Event: 3180.722 Thread 0x000000001afc9000 Uncommon trap: reason=unhandled action=none pc=0x00000000046dca10 method=java.net.URLClassLoader.findClass(Ljava/lang/String;)Ljava/lang/Class; @ 44
Event: 3180.722 Thread 0x000000001afc9000 Uncommon trap: reason=unhandled action=none pc=0x00000000046dca10 method=java.net.URLClassLoader.findClass(Ljava/lang/String;)Ljava/lang/Class; @ 44

Internal exceptions (10 events):
Event: 2930.887 Thread 0x0000000024a38800 Exception <a 'java/lang/ArrayIndexOutOfBoundsException': 81> (0x00000000de57a318) thrown at [D:\re\puppet\workspace\8-2-build-windows-amd64-cygwin\jdk8u73\6086\hotspot\src\share\vm\interpreter\interpreterRuntime.cpp, line 366]
Event: 2930.891 Thread 0x0000000024a38800 Exception <a 'java/lang/ArrayIndexOutOfBoundsException': 137> (0x00000000de598f10) thrown at [D:\re\puppet\workspace\8-2-build-windows-amd64-cygwin\jdk8u73\6086\hotspot\src\share\vm\interpreter\interpreterRuntime.cpp, line 366]
Event: 2931.225 Thread 0x0000000024a38800 Exception <a 'java/lang/ArrayIndexOutOfBoundsException': 123> (0x00000000de8db4d0) thrown at [D:\re\puppet\workspace\8-2-build-windows-amd64-cygwin\jdk8u73\6086\hotspot\src\share\vm\interpreter\interpreterRuntime.cpp, line 366]
Event: 2931.320 Thread 0x0000000024a38800 Exception <a 'java/lang/ArrayIndexOutOfBoundsException': 159> (0x00000000deb7dad8) thrown at [D:\re\puppet\workspace\8-2-build-windows-amd64-cygwin\jdk8u73\6086\hotspot\src\share\vm\interpreter\interpreterRuntime.cpp, line 366]
Event: 2931.406 Thread 0x0000000024a38800 Exception <a 'java/lang/ArrayIndexOutOfBoundsException': 234> (0x00000000debdcbf0) thrown at [D:\re\puppet\workspace\8-2-build-windows-amd64-cygwin\jdk8u73\6086\hotspot\src\share\vm\interpreter\interpreterRuntime.cpp, line 366]
Event: 2951.846 Thread 0x000000001afc6000 Exception <a 'java/lang/ArrayIndexOutOfBoundsException': 27> (0x00000000dfd0f0e0) thrown at [D:\re\puppet\workspace\8-2-build-windows-amd64-cygwin\jdk8u73\6086\hotspot\src\share\vm\interpreter\interpreterRuntime.cpp, line 366]
Event: 3013.002 Thread 0x000000001afc6000 Exception <a 'java/lang/ArrayIndexOutOfBoundsException': 27> (0x00000000dfd98538) thrown at [D:\re\puppet\workspace\8-2-build-windows-amd64-cygwin\jdk8u73\6086\hotspot\src\share\vm\interpreter\interpreterRuntime.cpp, line 366]
Event: 3013.022 Thread 0x000000001afc6000 Implicit null exception at 0x0000000004fd364e to 0x0000000004fd41e5
Event: 3013.023 Thread 0x000000001afc6000 Implicit null exception at 0x0000000004fd12c9 to 0x0000000004fd168d
Event: 3180.730 Thread 0x0000000024a37000 Exception <a 'java/lang/InterruptedException': sleep interrupted> (0x00000000e0e7aeb8) thrown at [D:\re\puppet\workspace\8-2-build-windows-amd64-cygwin\jdk8u73\6086\hotspot\src\share\vm\prims\jvm.cpp, line 3215]

Events (10 events):
Event: 3181.100 Thread 0x0000000024a3b800 Thread exited: 0x0000000024a3b800
Event: 3181.100 Thread 0x0000000024a3d000 DEOPT PACKING pc=0x0000000003146e3c sp=0x000000002227ecb0
Event: 3181.100 Thread 0x0000000024a3d000 DEOPT UNPACKING pc=0x0000000002f4787f sp=0x000000002227ea90 mode 1
Event: 3181.100 Thread 0x0000000024a3d000 DEOPT PACKING pc=0x0000000003e86214 sp=0x000000002227ede0
Event: 3181.100 Thread 0x0000000024a3d000 DEOPT UNPACKING pc=0x0000000002f4787f sp=0x000000002227eb08 mode 1
Event: 3181.100 Thread 0x0000000024a3d000 DEOPT PACKING pc=0x0000000003e49f9c sp=0x000000002227ee20
Event: 3181.100 Thread 0x0000000024a3d000 DEOPT UNPACKING pc=0x0000000002f4787f sp=0x000000002227ebb8 mode 1
Event: 3181.100 Thread 0x0000000024a3d000 Thread exited: 0x0000000024a3d000
Event: 3181.101 Thread 0x0000000024a39800 Thread added: 0x0000000024a39800
Event: 3181.101 Executing VM operation: RevokeBias


Dynamic libraries:
0x00007ff703710000 - 0x00007ff703747000 	C:\Program Files\Java\jre1.8.0_73\bin\javaw.exe
0x00007ffd286b0000 - 0x00007ffd28872000 	C:\Windows\SYSTEM32\ntdll.dll
0x00007ffd27a40000 - 0x00007ffd27aed000 	C:\Windows\system32\KERNEL32.DLL
0x00007ffd06cf0000 - 0x00007ffd06d02000 	C:\Program Files\AVAST Software\Avast\aswhook.dll
0x00007ffd25b90000 - 0x00007ffd25d6d000 	C:\Windows\system32\KERNELBASE.dll
0x00007ffd28220000 - 0x00007ffd282c6000 	C:\Windows\system32\ADVAPI32.dll
0x00007ffd27e00000 - 0x00007ffd27e9d000 	C:\Windows\system32\msvcrt.dll
0x00007ffd27da0000 - 0x00007ffd27dfb000 	C:\Windows\system32\sechost.dll
0x00007ffd275a0000 - 0x00007ffd276c6000 	C:\Windows\system32\RPCRT4.dll
0x00007ffd282e0000 - 0x00007ffd2842e000 	C:\Windows\system32\USER32.dll
0x00007ffd276f0000 - 0x00007ffd27873000 	C:\Windows\system32\GDI32.dll
0x00007ffd13010000 - 0x00007ffd13284000 	C:\Windows\WinSxS\amd64_microsoft.windows.common-controls_6595b64144ccf1df_6.0.10240.17184_none_f41d7a705752bce6\COMCTL32.dll
0x00007ffd27af0000 - 0x00007ffd27b26000 	C:\Windows\system32\IMM32.DLL
0x00007ffd27880000 - 0x00007ffd279dc000 	C:\Windows\system32\MSCTF.dll
0x0000000053e40000 - 0x0000000053f12000 	C:\Program Files\Java\jre1.8.0_73\bin\msvcr100.dll
0x0000000053f20000 - 0x00000000547b0000 	C:\Program Files\Java\jre1.8.0_73\bin\server\jvm.dll
0x00007ffd280c0000 - 0x00007ffd280c8000 	C:\Windows\system32\PSAPI.DLL
0x00007ffd21210000 - 0x00007ffd21219000 	C:\Windows\SYSTEM32\WSOCK32.dll
0x00007ffd27ea0000 - 0x00007ffd27f09000 	C:\Windows\system32\WS2_32.dll
0x00007ffd281b0000 - 0x00007ffd281b8000 	C:\Windows\system32\NSI.dll
0x00007ffd22e70000 - 0x00007ffd22e93000 	C:\Windows\SYSTEM32\WINMM.dll
0x00007ffd235f0000 - 0x00007ffd235fa000 	C:\Windows\SYSTEM32\VERSION.dll
0x00007ffd22e10000 - 0x00007ffd22e3c000 	C:\Windows\SYSTEM32\WINMMBASE.dll
0x00007ffd25170000 - 0x00007ffd251b4000 	C:\Windows\system32\cfgmgr32.dll
0x00007ffd24bf0000 - 0x00007ffd24c17000 	C:\Windows\SYSTEM32\DEVOBJ.dll
0x0000000053e30000 - 0x0000000053e3f000 	C:\Program Files\Java\jre1.8.0_73\bin\verify.dll
0x0000000053e00000 - 0x0000000053e29000 	C:\Program Files\Java\jre1.8.0_73\bin\java.dll
0x0000000053d30000 - 0x0000000053d65000 	C:\Program Files\Java\jre1.8.0_73\bin\jdwp.dll
0x0000000053d20000 - 0x0000000053d28000 	C:\Program Files\Java\jre1.8.0_73\bin\npt.dll
0x0000000053cf0000 - 0x0000000053d13000 	C:\Program Files\Java\jre1.8.0_73\bin\instrument.dll
0x0000000053de0000 - 0x0000000053df6000 	C:\Program Files\Java\jre1.8.0_73\bin\zip.dll
0x00007ffd26070000 - 0x00007ffd27593000 	C:\Windows\system32\SHELL32.dll
0x00007ffd253f0000 - 0x00007ffd25a19000 	C:\Windows\system32\windows.storage.dll
0x00007ffd28430000 - 0x00007ffd286ac000 	C:\Windows\system32\combase.dll
0x00007ffd25d70000 - 0x00007ffd25dc1000 	C:\Windows\system32\shlwapi.dll
0x00007ffd25140000 - 0x00007ffd2514f000 	C:\Windows\system32\kernel.appcore.dll
0x00007ffd25a20000 - 0x00007ffd25ad3000 	C:\Windows\system32\shcore.dll
0x00007ffd250f0000 - 0x00007ffd2513a000 	C:\Windows\system32\powrprof.dll
0x00007ffd25150000 - 0x00007ffd25163000 	C:\Windows\system32\profapi.dll
0x0000000053ce0000 - 0x0000000053ce9000 	C:\Program Files\Java\jre1.8.0_73\bin\dt_socket.dll
0x00007ffd172b0000 - 0x00007ffd172c5000 	C:\Windows\system32\napinsp.dll
0x00007ffd17270000 - 0x00007ffd1728a000 	C:\Windows\system32\pnrpnsp.dll
0x00007ffd22380000 - 0x00007ffd22398000 	C:\Windows\system32\NLAapi.dll
0x00007ffd245c0000 - 0x00007ffd2461d000 	C:\Windows\System32\mswsock.dll
0x00007ffd24270000 - 0x00007ffd24318000 	C:\Windows\SYSTEM32\DNSAPI.dll
0x00007ffd12f60000 - 0x00007ffd12f6d000 	C:\Windows\System32\winrnr.dll
0x00007ffd114d0000 - 0x00007ffd114e5000 	C:\Windows\system32\wshbth.dll
0x00007ffd213f0000 - 0x00007ffd21458000 	C:\Windows\System32\fwpuclnt.dll
0x00007ffd25000000 - 0x00007ffd25028000 	C:\Windows\SYSTEM32\bcrypt.dll
0x00007ffd189a0000 - 0x00007ffd189aa000 	C:\Windows\System32\rasadhlp.dll
0x0000000053cd0000 - 0x0000000053cdd000 	C:\Program Files\Java\jre1.8.0_73\bin\management.dll
0x0000000053dc0000 - 0x0000000053dda000 	C:\Program Files\Java\jre1.8.0_73\bin\net.dll
0x00007ffd1bc20000 - 0x00007ffd1bc58000 	C:\Windows\SYSTEM32\IPHLPAPI.DLL
0x00007ffd1bc00000 - 0x00007ffd1bc0b000 	C:\Windows\SYSTEM32\WINNSI.DLL
0x0000000053da0000 - 0x0000000053db1000 	C:\Program Files\Java\jre1.8.0_73\bin\nio.dll
0x00007ffd24620000 - 0x00007ffd24637000 	C:\Windows\SYSTEM32\CRYPTSP.dll
0x00007ffd24320000 - 0x00007ffd24353000 	C:\Windows\system32\rsaenh.dll
0x00007ffd24540000 - 0x00007ffd2455f000 	C:\Windows\SYSTEM32\USERENV.dll
0x00007ffd24e90000 - 0x00007ffd24efb000 	C:\Windows\system32\bcryptprimitives.dll
0x00007ffd24760000 - 0x00007ffd2476b000 	C:\Windows\SYSTEM32\CRYPTBASE.dll
0x00007ffd21320000 - 0x00007ffd21336000 	C:\Windows\SYSTEM32\dhcpcsvc6.DLL
0x00007ffd21300000 - 0x00007ffd2131a000 	C:\Windows\SYSTEM32\dhcpcsvc.DLL
0x0000000053d70000 - 0x0000000053d94000 	C:\Program Files\Java\jre1.8.0_73\bin\sunec.dll
0x00007ffd24a60000 - 0x00007ffd24bea000 	C:\Windows\SYSTEM32\dbghelp.dll

VM Arguments:
jvm_args: -agentlib:jdwp=transport=dt_socket,suspend=y,address=localhost:50084 -javaagent:C:\Users\USER\Downloads\sts-bundle\sts-3.9.8.RELEASE\configuration\org.eclipse.osgi\306\0\.cp\lib\javaagent-shaded.jar -Dfile.encoding=UTF-8 
java_command: com.capsule.task.TaskManagerServiceApplication
java_class_path (initial): D:\Project\STSWorkspace\IIHT\TaskManagerService\target\classes;C:\Users\USER\.m2\repository\org\springframework\boot\spring-boot-starter-data-jpa\2.1.4.RELEASE\spring-boot-starter-data-jpa-2.1.4.RELEASE.jar;C:\Users\USER\.m2\repository\org\springframework\boot\spring-boot-starter-aop\2.1.4.RELEASE\spring-boot-starter-aop-2.1.4.RELEASE.jar;C:\Users\USER\.m2\repository\org\springframework\spring-aop\5.1.6.RELEASE\spring-aop-5.1.6.RELEASE.jar;C:\Users\USER\.m2\repository\org\aspectj\aspectjweaver\1.9.2\aspectjweaver-1.9.2.jar;C:\Users\USER\.m2\repository\javax\transaction\javax.transaction-api\1.3\javax.transaction-api-1.3.jar;C:\Users\USER\.m2\repository\javax\xml\bind\jaxb-api\2.3.1\jaxb-api-2.3.1.jar;C:\Users\USER\.m2\repository\javax\activation\javax.activation-api\1.2.0\javax.activation-api-1.2.0.jar;C:\Users\USER\.m2\repository\org\hibernate\hibernate-core\5.3.9.Final\hibernate-core-5.3.9.Final.jar;C:\Users\USER\.m2\repository\org\jboss\logging\jboss-logging\3.3.2.Final\jboss-logging-3.3.2.Final.jar;C:\Users\USER\.m2\repository\javax\persistence\javax.persistence-api\2.2\javax.persistence-api-2.2.jar;C:\Users\USER\.m2\repository\org\javassist\javassist\3.23.1-GA\javassist-3.23.1-GA.jar;C:\Users\USER\.m2\repository\net\bytebuddy\byte-buddy\1.9.12\byte-buddy-1.9.12.jar;C:\Users\USER\.m2\repository\antlr\antlr\2.7.7\antlr-2.7.7.jar;C:\Users\USER\.m2\repository\org\jboss\jandex\2.0.5.Final\jandex-2.0.5.Final.jar;C:\Users\USER\.m2\repository\com\fasterxml\classmate\1.4.0\classmate-1.4.0.jar;C:\Users\USER\.m2\repository\org\dom4j\dom4j\2.1.1\dom4j-2.1.1.jar;C:\Users\USER\.m2\repository\org\hibernate\common\hibernate-commons-annotations\5.0.4.Final\hibernate-commons-annotations-5.0.4.Final.jar;C:\Users\USER\.m2\repository\org\springframework\data\spring-data-jpa\2.1.6.RELEASE\spring-data-jpa-2.1.6.RELEASE.jar;C:\Users\USER\.m2\repository\org\springframework\data\spring-data-commons\2.1.6.RELEASE\spring-data-commons-2.1.6.RELEASE.jar;C:\Users
Launcher Type: SUN_STANDARD

Environment Variables:
JAVA_HOME=C:\Program Files (x86)\Java\jdk1.8.0_91\bin
JRE_HOME=C:\Program Files (x86)\Java\jdk1.8.0_91\jre
PATH=C:/Program Files/Java/jre1.8.0_73/bin/server;C:/Program Files/Java/jre1.8.0_73/bin;C:/Program Files/Java/jre1.8.0_73/lib/amd64;C:\ProgramData\Oracle\Java\javapath;C:\Windows\system32;C:\Windows;C:\Windows\System32\Wbem;C:\Windows\System32\WindowsPowerShell\v1.0\;C:\Program Files (x86)\Skype\Phone\;C:\Program Files\nodejs\;C:\Program Files\Git\cmd;C:\Users\USER\AppData\Roaming\npm;C:\Users\USER\Downloads\sts-bundle\sts-3.9.8.RELEASE;
USERNAME=USER
OS=Windows_NT
PROCESSOR_IDENTIFIER=Intel64 Family 6 Model 78 Stepping 3, GenuineIntel



---------------  S Y S T E M  ---------------

OS: Windows 10.0 , 64 bit Build 10240 (10.0.10240.17113)

CPU:total 4 (2 cores per cpu, 2 threads per core) family 6 model 78 stepping 3, cmov, cx8, fxsr, mmx, sse, sse2, sse3, ssse3, sse4.1, sse4.2, popcnt, avx, avx2, aes, clmul, erms, 3dnowpref, lzcnt, ht, tsc, tscinvbit, bmi1, bmi2, adx

Memory: 4k page, physical 8259344k(3184104k free), swap 10533660k(3206756k free)

vm_info: Java HotSpot(TM) 64-Bit Server VM (25.73-b02) for windows-amd64 JRE (1.8.0_73-b02), built on Jan 29 2016 17:38:49 by "java_re" with MS VC++ 10.0 (VS2010)

time: Wed Apr 24 08:23:00 2019
elapsed time: 3181 seconds (0d 0h 53m 1s)

